<?xml version="1.0" encoding="UTF-8"?>
<testsuite xmlns:xsi="http://www.w3.org/2001/XMLSchema-instance" xsi:noNamespaceSchemaLocation="https://maven.apache.org/surefire/maven-surefire-plugin/xsd/surefire-test-report.xsd" version="3.0.2" name="MyTimerTest" time="0.065" tests="6" errors="0" skipped="0" failures="0">
  <properties>
[...]
</properties>
  <testcase name="invalidDurationTest" classname="MyTimerTest" time="0.026"/>
  <testcase name="getDurationTest" classname="MyTimerTest" time="0.002"/>
  <testcase name="getDaysTest" classname="MyTimerTest" time="0.003">
    <system-out><![CDATA[3.0
]]></system-out>
  </testcase>
  <testcase name="invalidStopTest" classname="MyTimerTest" time="0.002"/>
  <testcase name="getHoursTest" classname="MyTimerTest" time="0.001"/>
  <testcase name="getMinutesTest" classname="MyTimerTest" time="0.001"/>
</testsuite>